[debug] [2023-05-08T20:39:58.177Z] ----------------------------------------------------------------------
[debug] [2023-05-08T20:39:58.180Z] Command:       C:\Program Files\nodejs\node.exe C:\Users\wwoest\AppData\Roaming\npm\node_modules\firebase-tools\lib\bin\firebase.js deploy
[debug] [2023-05-08T20:39:58.181Z] CLI Version:   11.28.0
[debug] [2023-05-08T20:39:58.181Z] Platform:      win32
[debug] [2023-05-08T20:39:58.182Z] Node Version:  v18.15.0
[debug] [2023-05-08T20:39:58.183Z] Time:          Mon May 08 2023 22:39:58 GMT+0200 (South Africa Standard Time)
[debug] [2023-05-08T20:39:58.184Z] ----------------------------------------------------------------------
[debug] 
[debug] [2023-05-08T20:39:58.189Z] >>> [apiv2][query] GET https://firebase-public.firebaseio.com/cli.json [none]
[debug] [2023-05-08T20:39:58.337Z] > command requires scopes: ["email","openid","https://www.googleapis.com/auth/cloudplatformprojects.readonly","https://www.googleapis.com/auth/firebase","https://www.googleapis.com/auth/cloud-platform"]
[debug] [2023-05-08T20:39:58.337Z] > authorizing via signed-in user (wwoest@gmail.com)
[debug] [2023-05-08T20:39:58.338Z] [iam] checking project rjl-accounting for permissions ["firebase.projects.get","firebasehosting.sites.update"]
[debug] [2023-05-08T20:39:58.339Z] > refreshing access token with scopes: []
[debug] [2023-05-08T20:39:58.340Z] >>> [apiv2][query] POST https://www.googleapis.com/oauth2/v3/token [none]
[debug] [2023-05-08T20:39:58.340Z] >>> [apiv2][body] POST https://www.googleapis.com/oauth2/v3/token [omitted]
[debug] [2023-05-08T20:40:19.426Z] [iam] error while checking permissions, command may fail: FirebaseError: Authentication Error: Your credentials are no longer valid. Please run firebase login --reauth

For CI servers and headless environments, generate a new token with firebase login:ci
[debug] [2023-05-08T20:40:19.427Z] > refreshing access token with scopes: []
[debug] [2023-05-08T20:40:19.428Z] >>> [apiv2][query] POST https://www.googleapis.com/oauth2/v3/token [none]
[debug] [2023-05-08T20:40:19.428Z] >>> [apiv2][body] POST https://www.googleapis.com/oauth2/v3/token [omitted]
[warn] !  Unable to fetch the CLI MOTD and remote config. 
[debug] [2023-05-08T20:40:22.745Z] Failed to fetch MOTD FirebaseError: Failed to make request to https://firebase-public.firebaseio.com/cli.json
[debug] [2023-05-08T20:40:40.466Z] Authentication Error: Your credentials are no longer valid. Please run firebase login --reauth

For CI servers and headless environments, generate a new token with firebase login:ci
[debug] [2023-05-08T20:40:40.470Z] FirebaseError: Authentication Error: Your credentials are no longer valid. Please run firebase login --reauth

For CI servers and headless environments, generate a new token with firebase login:ci
    at invalidCredentialError (C:\Users\wwoest\AppData\Roaming\npm\node_modules\firebase-tools\lib\auth.js:144:12)
    at refreshTokens (C:\Users\wwoest\AppData\Roaming\npm\node_modules\firebase-tools\lib\auth.js:508:15)
    at process.processTicksAndRejections (node:internal/process/task_queues:95:5)
    at async Client.getAccessToken (C:\Users\wwoest\AppData\Roaming\npm\node_modules\firebase-tools\lib\apiv2.js:149:23)
    at async Client.addAuthHeader (C:\Users\wwoest\AppData\Roaming\npm\node_modules\firebase-tools\lib\apiv2.js:140:21)
    at async Client.request (C:\Users\wwoest\AppData\Roaming\npm\node_modules\firebase-tools\lib\apiv2.js:96:34)
    at async getFirebaseProject (C:\Users\wwoest\AppData\Roaming\npm\node_modules\firebase-tools\lib\management\projects.js:295:21)
    at async getDefaultHostingSite (C:\Users\wwoest\AppData\Roaming\npm\node_modules\firebase-tools\lib\getDefaultHostingSite.js:10:21)
    at async requireHostingSite (C:\Users\wwoest\AppData\Roaming\npm\node_modules\firebase-tools\lib\requireHostingSite.js:9:18)
    at async Object.fn (C:\Users\wwoest\AppData\Roaming\npm\node_modules\firebase-tools\lib\commands\deploy.js:74:9)
    at async C:\Users\wwoest\AppData\Roaming\npm\node_modules\firebase-tools\lib\command.js:214:17
[error] 
[error] Error: Failed to get Firebase project rjl-accounting. Please make sure the project exists and your account has permission to access it.
[debug] [2023-05-08T20:40:50.720Z] ----------------------------------------------------------------------
[debug] [2023-05-08T20:40:50.723Z] Command:       C:\Program Files\nodejs\node.exe C:\Users\wwoest\AppData\Roaming\npm\node_modules\firebase-tools\lib\bin\firebase.js deploy
[debug] [2023-05-08T20:40:50.724Z] CLI Version:   11.28.0
[debug] [2023-05-08T20:40:50.725Z] Platform:      win32
[debug] [2023-05-08T20:40:50.725Z] Node Version:  v18.15.0
[debug] [2023-05-08T20:40:50.726Z] Time:          Mon May 08 2023 22:40:50 GMT+0200 (South Africa Standard Time)
[debug] [2023-05-08T20:40:50.727Z] ----------------------------------------------------------------------
[debug] 
[debug] [2023-05-08T20:40:50.732Z] >>> [apiv2][query] GET https://firebase-public.firebaseio.com/cli.json [none]
[debug] [2023-05-08T20:40:50.888Z] > command requires scopes: ["email","openid","https://www.googleapis.com/auth/cloudplatformprojects.readonly","https://www.googleapis.com/auth/firebase","https://www.googleapis.com/auth/cloud-platform"]
[debug] [2023-05-08T20:40:50.889Z] > authorizing via signed-in user (wwoest@gmail.com)
[debug] [2023-05-08T20:40:50.889Z] [iam] checking project rjl-accounting for permissions ["firebase.projects.get","firebasehosting.sites.update"]
[debug] [2023-05-08T20:40:50.890Z] > refreshing access token with scopes: []
[debug] [2023-05-08T20:40:50.891Z] >>> [apiv2][query] POST https://www.googleapis.com/oauth2/v3/token [none]
[debug] [2023-05-08T20:40:50.892Z] >>> [apiv2][body] POST https://www.googleapis.com/oauth2/v3/token [omitted]
[warn] !  Unable to fetch the CLI MOTD and remote config. 
[debug] [2023-05-08T20:41:11.955Z] Failed to fetch MOTD FirebaseError: Failed to make request to https://firebase-public.firebaseio.com/cli.json
[debug] [2023-05-08T20:41:11.959Z] [iam] error while checking permissions, command may fail: FirebaseError: Authentication Error: Your credentials are no longer valid. Please run firebase login --reauth

For CI servers and headless environments, generate a new token with firebase login:ci
[debug] [2023-05-08T20:41:11.960Z] > refreshing access token with scopes: []
[debug] [2023-05-08T20:41:11.961Z] >>> [apiv2][query] POST https://www.googleapis.com/oauth2/v3/token [none]
[debug] [2023-05-08T20:41:11.961Z] >>> [apiv2][body] POST https://www.googleapis.com/oauth2/v3/token [omitted]
[debug] [2023-05-08T20:41:33.026Z] Authentication Error: Your credentials are no longer valid. Please run firebase login --reauth

For CI servers and headless environments, generate a new token with firebase login:ci
[debug] [2023-05-08T20:41:33.033Z] FirebaseError: Authentication Error: Your credentials are no longer valid. Please run firebase login --reauth

For CI servers and headless environments, generate a new token with firebase login:ci
    at invalidCredentialError (C:\Users\wwoest\AppData\Roaming\npm\node_modules\firebase-tools\lib\auth.js:144:12)
    at refreshTokens (C:\Users\wwoest\AppData\Roaming\npm\node_modules\firebase-tools\lib\auth.js:508:15)
    at process.processTicksAndRejections (node:internal/process/task_queues:95:5)
    at async Client.getAccessToken (C:\Users\wwoest\AppData\Roaming\npm\node_modules\firebase-tools\lib\apiv2.js:149:23)
    at async Client.addAuthHeader (C:\Users\wwoest\AppData\Roaming\npm\node_modules\firebase-tools\lib\apiv2.js:140:21)
    at async Client.request (C:\Users\wwoest\AppData\Roaming\npm\node_modules\firebase-tools\lib\apiv2.js:96:34)
    at async getFirebaseProject (C:\Users\wwoest\AppData\Roaming\npm\node_modules\firebase-tools\lib\management\projects.js:295:21)
    at async getDefaultHostingSite (C:\Users\wwoest\AppData\Roaming\npm\node_modules\firebase-tools\lib\getDefaultHostingSite.js:10:21)
    at async requireHostingSite (C:\Users\wwoest\AppData\Roaming\npm\node_modules\firebase-tools\lib\requireHostingSite.js:9:18)
    at async Object.fn (C:\Users\wwoest\AppData\Roaming\npm\node_modules\firebase-tools\lib\commands\deploy.js:74:9)
    at async C:\Users\wwoest\AppData\Roaming\npm\node_modules\firebase-tools\lib\command.js:214:17
[error] 
[error] Error: Failed to get Firebase project rjl-accounting. Please make sure the project exists and your account has permission to access it.
